MIF/HEX Update report for top
Mon Oct 07 16:52:53 2019
Quartus Prime Version 18.1.0 Build 625 09/12/2018 SJ Standard Edition


---------------------
; Table of Contents ;
---------------------
  1. Legal Notice
  2. MIF/HEX Update Summary
  3. MIF/HEX Update Processed Files
  4. MIF/HEX Update Messages



----------------
; Legal Notice ;
----------------
Copyright (C) 2018  Intel Corporation. All rights reserved.
Your use of Intel Corporation's design tools, logic functions 
and other software and tools, and its AMPP partner logic 
functions, and any output files from any of the foregoing 
(including device programming or simulation files), and any 
associated documentation or information are expressly subject 
to the terms and conditions of the Intel Program License 
Subscription Agreement, the Intel Quartus Prime License Agreement,
the Intel FPGA IP License Agreement, or other applicable license
agreement, including, without limitation, that your use is for
the sole purpose of programming logic devices manufactured by
Intel and sold by Intel or its authorized distributors.  Please
refer to the applicable agreement for further details.



+---------------------------------------------------------------+
; MIF/HEX Update Summary                                        ;
+-----------------------+---------------------------------------+
; MIF/HEX Update Status ; Successful - Mon Oct 07 16:52:53 2019 ;
; Revision Name         ; top                                   ;
; Top-level Entity Name ; top                                   ;
; Family                ; Cyclone V                             ;
; Device                ; 5CSEBA6U23I7                          ;
+-----------------------+---------------------------------------+


+------------------------------------------------------------------------------------------------------------------------------------------+
; MIF/HEX Update Processed Files                                                                                                           ;
+------------------------------------------------------------------------------------------------------------------------------------------+
; File Name                                                                                                                                ;
+------------------------------------------------------------------------------------------------------------------------------------------+
; C:/Users/Hasindu/Documents/University/Innovate FPGA/Neural_Network/OpenCLNN/OpenCLNN/matrix/sys_description.hex                          ;
; C:/Users/Hasindu/Documents/University/Innovate FPGA/Neural_Network/OpenCLNN/OpenCLNN/matrix/system/synthesis/submodules/hps_AC_ROM.hex   ;
; C:/Users/Hasindu/Documents/University/Innovate FPGA/Neural_Network/OpenCLNN/OpenCLNN/matrix/system/synthesis/submodules/hps_inst_ROM.hex ;
+------------------------------------------------------------------------------------------------------------------------------------------+


+-------------------------+
; MIF/HEX Update Messages ;
+-------------------------+
Info: *******************************************************************
Info: Running Quartus Prime MIF/HEX Update
    Info: Version 18.1.0 Build 625 09/12/2018 SJ Standard Edition
    Info: Processing started: Mon Oct 07 16:51:12 2019
Info: Command: quartus_cdb top -c top --update_mif
Info: Using INI file C:/Users/Hasindu/Documents/University/Innovate FPGA/Neural_Network/OpenCLNN/OpenCLNN/matrix/quartus.ini
Warning (18236): Number of processors has not been specified which may cause overloading on shared machines.  Set the global assignment NUM_PARALLEL_PROCESSORS in your QSF to an appropriate value for best performance.
Critical Warning (127005): Memory depth (512) in the design file differs from memory depth (19) in the Memory Initialization File "C:/Users/Hasindu/Documents/University/Innovate FPGA/Neural_Network/OpenCLNN/OpenCLNN/matrix/sys_description.hex" -- setting initial value for remaining addresses to 0
Info (39024): Processed the following Memory Initialization File(s)
    Info (39025): Processed Memory Initialization File C:/Users/Hasindu/Documents/University/Innovate FPGA/Neural_Network/OpenCLNN/OpenCLNN/matrix/sys_description.hex File: C:/Users/Hasindu/Documents/University/Innovate FPGA/Neural_Network/OpenCLNN/OpenCLNN/matrix/sys_description.hex Line: 0
    Info (39025): Processed Memory Initialization File C:/Users/Hasindu/Documents/University/Innovate FPGA/Neural_Network/OpenCLNN/OpenCLNN/matrix/system/synthesis/submodules/hps_AC_ROM.hex File: C:/Users/Hasindu/Documents/University/Innovate FPGA/Neural_Network/OpenCLNN/OpenCLNN/matrix/system/synthesis/submodules/hps_AC_ROM.hex Line: 0
    Info (39025): Processed Memory Initialization File C:/Users/Hasindu/Documents/University/Innovate FPGA/Neural_Network/OpenCLNN/OpenCLNN/matrix/system/synthesis/submodules/hps_inst_ROM.hex File: C:/Users/Hasindu/Documents/University/Innovate FPGA/Neural_Network/OpenCLNN/OpenCLNN/matrix/system/synthesis/submodules/hps_inst_ROM.hex Line: 0
Info: Quartus Prime MIF/HEX Update was successful. 0 errors, 2 warnings
    Info: Peak virtual memory: 5126 megabytes
    Info: Processing ended: Mon Oct 07 16:52:54 2019
    Info: Elapsed time: 00:01:42
    Info: Total CPU time (on all processors): 00:01:41


